<?xml version="1.0" encoding="UTF-8"?>
<coverage generated="1528828593404" clover="3.2.0">
  <project timestamp="1528828593404" name="All files">
    <metrics statements="41" coveredstatements="32" conditionals="86" coveredconditionals="56" methods="38" coveredmethods="30" elements="165" coveredelements="118" complexity="0" loc="41" ncloc="41" packages="6" files="12" classes="12">
      <package name="Rating">
        <metrics statements="6" coveredstatements="6" conditionals="6" coveredconditionals="4" methods="3" coveredmethods="3"/>
        <file name="Rating.jsx" path="/Users/arthurmoore/GitHub/hrla22-airbnb-reviews/client/components/Rating/Rating.jsx">
          <metrics statements="6" coveredstatements="6" conditionals="6" coveredconditionals="4" methods="3" coveredmethods="3"/>
          <line num="1" count="1" type="stmt"/>
          <line num="2" count="2" type="cond" truecount="3" falsecount="1"/>
          <line num="4" count="1" type="stmt"/>
          <line num="6" count="7" type="stmt"/>
          <line num="7" count="7" type="stmt"/>
          <line num="15" count="35" type="stmt"/>
        </file>
        <file name="styles.css" path="/Users/arthurmoore/GitHub/hrla22-airbnb-reviews/client/components/Rating/styles.css">
          <metrics statements="0" coveredstatements="0" conditionals="0" coveredconditionals="0" methods="0" coveredmethods="0"/>
        </file>
      </package>
      <package name="RatingsList">
        <metrics statements="4" coveredstatements="4" conditionals="4" coveredconditionals="4" methods="2" coveredmethods="2"/>
        <file name="RatingsList.jsx" path="/Users/arthurmoore/GitHub/hrla22-airbnb-reviews/client/components/RatingsList/RatingsList.jsx">
          <metrics statements="4" coveredstatements="4" conditionals="4" coveredconditionals="4" methods="2" coveredmethods="2"/>
          <line num="1" count="1" type="stmt"/>
          <line num="3" count="3" type="cond" truecount="4" falsecount="0"/>
          <line num="5" count="1" type="stmt"/>
          <line num="6" count="1" type="stmt"/>
        </file>
        <file name="styles.css" path="/Users/arthurmoore/GitHub/hrla22-airbnb-reviews/client/components/RatingsList/styles.css">
          <metrics statements="0" coveredstatements="0" conditionals="0" coveredconditionals="0" methods="0" coveredmethods="0"/>
        </file>
      </package>
      <package name="Review">
        <metrics statements="4" coveredstatements="3" conditionals="4" coveredconditionals="3" methods="2" coveredmethods="1"/>
        <file name="Review.jsx" path="/Users/arthurmoore/GitHub/hrla22-airbnb-reviews/client/components/Review/Review.jsx">
          <metrics statements="4" coveredstatements="3" conditionals="4" coveredconditionals="3" methods="2" coveredmethods="1"/>
          <line num="1" count="1" type="stmt"/>
          <line num="2" count="2" type="cond" truecount="3" falsecount="1"/>
          <line num="4" count="1" type="stmt"/>
          <line num="8" count="0" type="stmt"/>
        </file>
        <file name="styles.css" path="/Users/arthurmoore/GitHub/hrla22-airbnb-reviews/client/components/Review/styles.css">
          <metrics statements="0" coveredstatements="0" conditionals="0" coveredconditionals="0" methods="0" coveredmethods="0"/>
        </file>
      </package>
      <package name="ReviewSearch">
        <metrics statements="9" coveredstatements="7" conditionals="33" coveredconditionals="19" methods="13" coveredmethods="10"/>
        <file name="ReviewSearch.jsx" path="/Users/arthurmoore/GitHub/hrla22-airbnb-reviews/client/components/ReviewSearch/ReviewSearch.jsx">
          <metrics statements="9" coveredstatements="7" conditionals="33" coveredconditionals="19" methods="13" coveredmethods="10"/>
          <line num="1" count="2" type="cond" truecount="5" falsecount="3"/>
          <line num="2" count="2" type="cond" truecount="13" falsecount="10"/>
          <line num="4" count="1" type="stmt"/>
          <line num="5" count="1" type="cond" truecount="1" falsecount="1"/>
          <line num="10" count="1" type="stmt"/>
          <line num="14" count="0" type="stmt"/>
          <line num="20" count="1" type="stmt"/>
          <line num="22" count="0" type="stmt"/>
          <line num="28" count="1" type="stmt"/>
        </file>
        <file name="search.css" path="/Users/arthurmoore/GitHub/hrla22-airbnb-reviews/client/components/ReviewSearch/search.css">
          <metrics statements="0" coveredstatements="0" conditionals="0" coveredconditionals="0" methods="0" coveredmethods="0"/>
        </file>
      </package>
      <package name="ReviewsApp">
        <metrics statements="13" coveredstatements="8" conditionals="35" coveredconditionals="22" methods="15" coveredmethods="12"/>
        <file name="ReviewsApp.jsx" path="/Users/arthurmoore/GitHub/hrla22-airbnb-reviews/client/components/ReviewsApp/ReviewsApp.jsx">
          <metrics statements="13" coveredstatements="8" conditionals="35" coveredconditionals="22" methods="15" coveredmethods="12"/>
          <line num="1" count="5" type="cond" truecount="5" falsecount="3"/>
          <line num="7" count="7" type="cond" truecount="14" falsecount="9"/>
          <line num="9" count="1" type="stmt"/>
          <line num="10" count="1" type="cond" truecount="1" falsecount="1"/>
          <line num="33" count="1" type="stmt"/>
          <line num="64" count="0" type="stmt"/>
          <line num="66" count="0" type="stmt"/>
          <line num="67" count="0" type="stmt"/>
          <line num="72" count="0" type="stmt"/>
          <line num="78" count="0" type="stmt"/>
          <line num="84" count="1" type="cond" truecount="2" falsecount="0"/>
          <line num="97" count="1" type="stmt"/>
          <line num="127" count="1" type="stmt"/>
        </file>
        <file name="styles.css" path="/Users/arthurmoore/GitHub/hrla22-airbnb-reviews/client/components/ReviewsApp/styles.css">
          <metrics statements="0" coveredstatements="0" conditionals="0" coveredconditionals="0" methods="0" coveredmethods="0"/>
        </file>
      </package>
      <package name="ReviewsList">
        <metrics statements="5" coveredstatements="4" conditionals="4" coveredconditionals="4" methods="3" coveredmethods="2"/>
        <file name="ReviewsList.jsx" path="/Users/arthurmoore/GitHub/hrla22-airbnb-reviews/client/components/ReviewsList/ReviewsList.jsx">
          <metrics statements="5" coveredstatements="4" conditionals="4" coveredconditionals="4" methods="3" coveredmethods="2"/>
          <line num="1" count="1" type="stmt"/>
          <line num="3" count="3" type="cond" truecount="4" falsecount="0"/>
          <line num="5" count="1" type="stmt"/>
          <line num="14" count="1" type="stmt"/>
          <line num="20" count="0" type="stmt"/>
        </file>
        <file name="styles.css" path="/Users/arthurmoore/GitHub/hrla22-airbnb-reviews/client/components/ReviewsList/styles.css">
          <metrics statements="0" coveredstatements="0" conditionals="0" coveredconditionals="0" methods="0" coveredmethods="0"/>
        </file>
      </package>
    </metrics>
  </project>
</coverage>
