{"/Users/arthurmoore/GitHub/hrla22-airbnb-reviews/client/components/Rating/Rating.jsx": {"path":"/Users/arthurmoore/GitHub/hrla22-airbnb-reviews/client/components/Rating/Rating.jsx","statementMap":{"0":{"start":{"line":1,"column":39},"end":{"line":1,"column":101}},"1":{"start":{"line":2,"column":176},"end":{"line":2,"column":230}},"2":{"start":{"line":4,"column":13},"end":{"line":20,"column":1}},"3":{"start":{"line":6,"column":14},"end":{"line":6,"column":29}},"4":{"start":{"line":7,"column":2},"end":{"line":16,"column":14}},"5":{"start":{"line":15,"column":10},"end":{"line":15,"column":833}}},"fnMap":{"0":{"name":"_interopRequireDefault","decl":{"start":{"line":2,"column":147},"end":{"line":2,"column":169}},"loc":{"start":{"line":2,"column":175},"end":{"line":2,"column":231}},"line":2},"1":{"name":"Rating","decl":{"start":{"line":4,"column":22},"end":{"line":4,"column":28}},"loc":{"start":{"line":4,"column":36},"end":{"line":20,"column":1}},"line":4},"2":{"name":"(anonymous_2)","decl":{"start":{"line":13,"column":18},"end":{"line":13,"column":19}},"loc":{"start":{"line":13,"column":41},"end":{"line":16,"column":9}},"line":13}},"branchMap":{"0":{"loc":{"start":{"line":2,"column":183},"end":{"line":2,"column":229}},"type":"cond-expr","locations":[{"start":{"line":2,"column":207},"end":{"line":2,"column":210}},{"start":{"line":2,"column":213},"end":{"line":2,"column":229}}],"line":2},"1":{"loc":{"start":{"line":2,"column":183},"end":{"line":2,"column":204}},"type":"binary-expr","locations":[{"start":{"line":2,"column":183},"end":{"line":2,"column":186}},{"start":{"line":2,"column":190},"end":{"line":2,"column":204}}],"line":2},"2":{"loc":{"start":{"line":10,"column":6},"end":{"line":10,"column":46}},"type":"binary-expr","locations":[{"start":{"line":10,"column":6},"end":{"line":10,"column":17}},{"start":{"line":10,"column":21},"end":{"line":10,"column":46}}],"line":10}},"s":{"0":1,"1":2,"2":1,"3":7,"4":7,"5":35},"f":{"0":2,"1":7,"2":35},"b":{"0":[0,2],"1":[2,2],"2":[7,0]},"_coverageSchema":"332fd63041d2c1bcb487cc26dd0d5f7d97098a6c","hash":"f65d16a273c81c7102201c60eaf283f8633ec6a1"}
,"/Users/arthurmoore/GitHub/hrla22-airbnb-reviews/client/components/Rating/styles.css": {"path":"/Users/arthurmoore/GitHub/hrla22-airbnb-reviews/client/components/Rating/styles.css","statementMap":{},"fnMap":{},"branchMap":{},"s":{},"f":{},"b":{},"_coverageSchema":"332fd63041d2c1bcb487cc26dd0d5f7d97098a6c","hash":"336ad67f915ef749b49093e739450fe22acaba52"}
,"/Users/arthurmoore/GitHub/hrla22-airbnb-reviews/client/components/RatingsList/RatingsList.jsx": {"path":"/Users/arthurmoore/GitHub/hrla22-airbnb-reviews/client/components/RatingsList/RatingsList.jsx","statementMap":{"0":{"start":{"line":1,"column":39},"end":{"line":1,"column":101}},"1":{"start":{"line":3,"column":176},"end":{"line":3,"column":230}},"2":{"start":{"line":5,"column":18},"end":{"line":34,"column":1}},"3":{"start":{"line":6,"column":2},"end":{"line":29,"column":193}}},"fnMap":{"0":{"name":"_interopRequireDefault","decl":{"start":{"line":3,"column":147},"end":{"line":3,"column":169}},"loc":{"start":{"line":3,"column":175},"end":{"line":3,"column":231}},"line":3},"1":{"name":"RatingsList","decl":{"start":{"line":5,"column":27},"end":{"line":5,"column":38}},"loc":{"start":{"line":5,"column":46},"end":{"line":34,"column":1}},"line":5}},"branchMap":{"0":{"loc":{"start":{"line":3,"column":183},"end":{"line":3,"column":229}},"type":"cond-expr","locations":[{"start":{"line":3,"column":207},"end":{"line":3,"column":210}},{"start":{"line":3,"column":213},"end":{"line":3,"column":229}}],"line":3},"1":{"loc":{"start":{"line":3,"column":183},"end":{"line":3,"column":204}},"type":"binary-expr","locations":[{"start":{"line":3,"column":183},"end":{"line":3,"column":186}},{"start":{"line":3,"column":190},"end":{"line":3,"column":204}}],"line":3}},"s":{"0":1,"1":3,"2":1,"3":1},"f":{"0":3,"1":1},"b":{"0":[1,2],"1":[3,3]},"_coverageSchema":"332fd63041d2c1bcb487cc26dd0d5f7d97098a6c","hash":"94231d3b4e95289e4b34e9685e6616fbfdf287c2"}
,"/Users/arthurmoore/GitHub/hrla22-airbnb-reviews/client/components/RatingsList/styles.css": {"path":"/Users/arthurmoore/GitHub/hrla22-airbnb-reviews/client/components/RatingsList/styles.css","statementMap":{},"fnMap":{},"branchMap":{},"s":{},"f":{},"b":{},"_coverageSchema":"332fd63041d2c1bcb487cc26dd0d5f7d97098a6c","hash":"12539b26b5d6d0f00634dddf5ff37de55f874382"}
,"/Users/arthurmoore/GitHub/hrla22-airbnb-reviews/client/components/Review/Review.jsx": {"path":"/Users/arthurmoore/GitHub/hrla22-airbnb-reviews/client/components/Review/Review.jsx","statementMap":{"0":{"start":{"line":1,"column":39},"end":{"line":1,"column":101}},"1":{"start":{"line":2,"column":176},"end":{"line":2,"column":230}},"2":{"start":{"line":4,"column":13},"end":{"line":16,"column":1}},"3":{"start":{"line":8,"column":2},"end":{"line":13,"column":234}}},"fnMap":{"0":{"name":"_interopRequireDefault","decl":{"start":{"line":2,"column":147},"end":{"line":2,"column":169}},"loc":{"start":{"line":2,"column":175},"end":{"line":2,"column":231}},"line":2},"1":{"name":"Review","decl":{"start":{"line":4,"column":22},"end":{"line":4,"column":28}},"loc":{"start":{"line":4,"column":36},"end":{"line":16,"column":1}},"line":4}},"branchMap":{"0":{"loc":{"start":{"line":2,"column":183},"end":{"line":2,"column":229}},"type":"cond-expr","locations":[{"start":{"line":2,"column":207},"end":{"line":2,"column":210}},{"start":{"line":2,"column":213},"end":{"line":2,"column":229}}],"line":2},"1":{"loc":{"start":{"line":2,"column":183},"end":{"line":2,"column":204}},"type":"binary-expr","locations":[{"start":{"line":2,"column":183},"end":{"line":2,"column":186}},{"start":{"line":2,"column":190},"end":{"line":2,"column":204}}],"line":2}},"s":{"0":1,"1":2,"2":1,"3":0},"f":{"0":2,"1":0},"b":{"0":[0,2],"1":[2,2]},"_coverageSchema":"332fd63041d2c1bcb487cc26dd0d5f7d97098a6c","hash":"e09f67a8ccad2d1f77ec768c3e8a7aab0dc75944"}
,"/Users/arthurmoore/GitHub/hrla22-airbnb-reviews/client/components/Review/styles.css": {"path":"/Users/arthurmoore/GitHub/hrla22-airbnb-reviews/client/components/Review/styles.css","statementMap":{},"fnMap":{},"branchMap":{},"s":{},"f":{},"b":{},"_coverageSchema":"332fd63041d2c1bcb487cc26dd0d5f7d97098a6c","hash":"7b9dbc236e2b0dd847b5ae42efa04f468b311073"}
,"/Users/arthurmoore/GitHub/hrla22-airbnb-reviews/client/components/ReviewSearch/ReviewSearch.jsx": {"path":"/Users/arthurmoore/GitHub/hrla22-airbnb-reviews/client/components/ReviewSearch/ReviewSearch.jsx","statementMap":{"0":{"start":{"line":1,"column":39},"end":{"line":1,"column":101}},"1":{"start":{"line":1,"column":120},"end":{"line":1,"column":649}},"2":{"start":{"line":1,"column":175},"end":{"line":1,"column":440}},"3":{"start":{"line":1,"column":232},"end":{"line":1,"column":240}},"4":{"start":{"line":1,"column":241},"end":{"line":1,"column":296}},"5":{"start":{"line":1,"column":296},"end":{"line":1,"column":327}},"6":{"start":{"line":1,"column":327},"end":{"line":1,"column":381}},"7":{"start":{"line":1,"column":354},"end":{"line":1,"column":381}},"8":{"start":{"line":1,"column":381},"end":{"line":1,"column":439}},"9":{"start":{"line":1,"column":441},"end":{"line":1,"column":646}},"10":{"start":{"line":1,"column":497},"end":{"line":1,"column":565}},"11":{"start":{"line":1,"column":513},"end":{"line":1,"column":565}},"12":{"start":{"line":1,"column":565},"end":{"line":1,"column":625}},"13":{"start":{"line":1,"column":582},"end":{"line":1,"column":625}},"14":{"start":{"line":1,"column":625},"end":{"line":1,"column":644}},"15":{"start":{"line":2,"column":176},"end":{"line":2,"column":230}},"16":{"start":{"line":2,"column":280},"end":{"line":2,"column":379}},"17":{"start":{"line":2,"column":321},"end":{"line":2,"column":378}},"18":{"start":{"line":2,"column":429},"end":{"line":2,"column":528}},"19":{"start":{"line":2,"column":441},"end":{"line":2,"column":527}},"20":{"start":{"line":2,"column":528},"end":{"line":2,"column":614}},"21":{"start":{"line":2,"column":657},"end":{"line":2,"column":820}},"22":{"start":{"line":2,"column":719},"end":{"line":2,"column":819}},"23":{"start":{"line":2,"column":820},"end":{"line":2,"column":984}},"24":{"start":{"line":2,"column":984},"end":{"line":2,"column":1102}},"25":{"start":{"line":2,"column":1000},"end":{"line":2,"column":1102}},"26":{"start":{"line":4,"column":15},"end":{"line":28,"column":103}},"27":{"start":{"line":4,"column":38},"end":{"line":4,"column":74}},"28":{"start":{"line":5,"column":132},"end":{"line":6,"column":11}},"29":{"start":{"line":10,"column":3},"end":{"line":28,"column":10}},"30":{"start":{"line":14,"column":6},"end":{"line":15,"column":35}},"31":{"start":{"line":20,"column":6},"end":{"line":24,"column":395}},"32":{"start":{"line":22,"column":191},"end":{"line":22,"column":218}},"33":{"start":{"line":28,"column":10},"end":{"line":28,"column":30}},"34":{"start":{"line":28,"column":104},"end":{"line":31,"column":13}}},"fnMap":{"0":{"name":"(anonymous_0)","decl":{"start":{"line":1,"column":120},"end":{"line":1,"column":121}},"loc":{"start":{"line":1,"column":132},"end":{"line":1,"column":647}},"line":1},"1":{"name":"defineProperties","decl":{"start":{"line":1,"column":142},"end":{"line":1,"column":158}},"loc":{"start":{"line":1,"column":174},"end":{"line":1,"column":441}},"line":1},"2":{"name":"(anonymous_2)","decl":{"start":{"line":1,"column":448},"end":{"line":1,"column":449}},"loc":{"start":{"line":1,"column":496},"end":{"line":1,"column":645}},"line":1},"3":{"name":"_interopRequireDefault","decl":{"start":{"line":2,"column":147},"end":{"line":2,"column":169}},"loc":{"start":{"line":2,"column":175},"end":{"line":2,"column":231}},"line":2},"4":{"name":"_classCallCheck","decl":{"start":{"line":2,"column":240},"end":{"line":2,"column":255}},"loc":{"start":{"line":2,"column":279},"end":{"line":2,"column":380}},"line":2},"5":{"name":"_possibleConstructorReturn","decl":{"start":{"line":2,"column":389},"end":{"line":2,"column":415}},"loc":{"start":{"line":2,"column":428},"end":{"line":2,"column":615}},"line":2},"6":{"name":"_inherits","decl":{"start":{"line":2,"column":624},"end":{"line":2,"column":633}},"loc":{"start":{"line":2,"column":656},"end":{"line":2,"column":1103}},"line":2},"7":{"name":"(anonymous_7)","decl":{"start":{"line":4,"column":15},"end":{"line":4,"column":16}},"loc":{"start":{"line":4,"column":37},"end":{"line":28,"column":31}},"line":4},"8":{"name":"ReviewSearch","decl":{"start":{"line":5,"column":37},"end":{"line":5,"column":49}},"loc":{"start":{"line":5,"column":57},"end":{"line":10,"column":3}},"line":5},"9":{"name":"updateInput","decl":{"start":{"line":10,"column":69},"end":{"line":10,"column":80}},"loc":{"start":{"line":12,"column":9},"end":{"line":17,"column":5}},"line":12},"10":{"name":"render","decl":{"start":{"line":17,"column":42},"end":{"line":17,"column":48}},"loc":{"start":{"line":19,"column":4},"end":{"line":28,"column":5}},"line":19},"11":{"name":"onSubmit","decl":{"start":{"line":22,"column":174},"end":{"line":22,"column":182}},"loc":{"start":{"line":22,"column":190},"end":{"line":22,"column":219}},"line":22},"12":{"name":"onChange","decl":{"start":{"line":24,"column":310},"end":{"line":24,"column":318}},"loc":{"start":{"line":24,"column":347},"end":{"line":24,"column":388}},"line":24}},"branchMap":{"0":{"loc":{"start":{"line":1,"column":265},"end":{"line":1,"column":295}},"type":"binary-expr","locations":[{"start":{"line":1,"column":265},"end":{"line":1,"column":286}},{"start":{"line":1,"column":290},"end":{"line":1,"column":295}}],"line":1},"1":{"loc":{"start":{"line":1,"column":327},"end":{"line":1,"column":381}},"type":"if","locations":[{"start":{"line":1,"column":327},"end":{"line":1,"column":381}},{"start":{"line":1,"column":327},"end":{"line":1,"column":381}}],"line":1},"2":{"loc":{"start":{"line":1,"column":497},"end":{"line":1,"column":565}},"type":"if","locations":[{"start":{"line":1,"column":497},"end":{"line":1,"column":565}},{"start":{"line":1,"column":497},"end":{"line":1,"column":565}}],"line":1},"3":{"loc":{"start":{"line":1,"column":565},"end":{"line":1,"column":625}},"type":"if","locations":[{"start":{"line":1,"column":565},"end":{"line":1,"column":625}},{"start":{"line":1,"column":565},"end":{"line":1,"column":625}}],"line":1},"4":{"loc":{"start":{"line":2,"column":183},"end":{"line":2,"column":229}},"type":"cond-expr","locations":[{"start":{"line":2,"column":207},"end":{"line":2,"column":210}},{"start":{"line":2,"column":213},"end":{"line":2,"column":229}}],"line":2},"5":{"loc":{"start":{"line":2,"column":183},"end":{"line":2,"column":204}},"type":"binary-expr","locations":[{"start":{"line":2,"column":183},"end":{"line":2,"column":186}},{"start":{"line":2,"column":190},"end":{"line":2,"column":204}}],"line":2},"6":{"loc":{"start":{"line":2,"column":280},"end":{"line":2,"column":379}},"type":"if","locations":[{"start":{"line":2,"column":280},"end":{"line":2,"column":379}},{"start":{"line":2,"column":280},"end":{"line":2,"column":379}}],"line":2},"7":{"loc":{"start":{"line":2,"column":429},"end":{"line":2,"column":528}},"type":"if","locations":[{"start":{"line":2,"column":429},"end":{"line":2,"column":528}},{"start":{"line":2,"column":429},"end":{"line":2,"column":528}}],"line":2},"8":{"loc":{"start":{"line":2,"column":535},"end":{"line":2,"column":613}},"type":"cond-expr","locations":[{"start":{"line":2,"column":602},"end":{"line":2,"column":606}},{"start":{"line":2,"column":609},"end":{"line":2,"column":613}}],"line":2},"9":{"loc":{"start":{"line":2,"column":535},"end":{"line":2,"column":599}},"type":"binary-expr","locations":[{"start":{"line":2,"column":535},"end":{"line":2,"column":539}},{"start":{"line":2,"column":544},"end":{"line":2,"column":568}},{"start":{"line":2,"column":572},"end":{"line":2,"column":598}}],"line":2},"10":{"loc":{"start":{"line":2,"column":657},"end":{"line":2,"column":820}},"type":"if","locations":[{"start":{"line":2,"column":657},"end":{"line":2,"column":820}},{"start":{"line":2,"column":657},"end":{"line":2,"column":820}}],"line":2},"11":{"loc":{"start":{"line":2,"column":661},"end":{"line":2,"column":716}},"type":"binary-expr","locations":[{"start":{"line":2,"column":661},"end":{"line":2,"column":693}},{"start":{"line":2,"column":697},"end":{"line":2,"column":716}}],"line":2},"12":{"loc":{"start":{"line":2,"column":855},"end":{"line":2,"column":889}},"type":"binary-expr","locations":[{"start":{"line":2,"column":855},"end":{"line":2,"column":865}},{"start":{"line":2,"column":869},"end":{"line":2,"column":889}}],"line":2},"13":{"loc":{"start":{"line":2,"column":984},"end":{"line":2,"column":1102}},"type":"if","locations":[{"start":{"line":2,"column":984},"end":{"line":2,"column":1102}},{"start":{"line":2,"column":984},"end":{"line":2,"column":1102}}],"line":2},"14":{"loc":{"start":{"line":2,"column":1000},"end":{"line":2,"column":1101}},"type":"cond-expr","locations":[{"start":{"line":2,"column":1024},"end":{"line":2,"column":1067}},{"start":{"line":2,"column":1070},"end":{"line":2,"column":1101}}],"line":2},"15":{"loc":{"start":{"line":5,"column":166},"end":{"line":5,"column":227}},"type":"binary-expr","locations":[{"start":{"line":5,"column":166},"end":{"line":5,"column":188}},{"start":{"line":5,"column":192},"end":{"line":5,"column":227}}],"line":5}},"s":{"0":1,"1":1,"2":1,"3":2,"4":2,"5":2,"6":2,"7":2,"8":2,"9":1,"10":1,"11":1,"12":1,"13":0,"14":1,"15":2,"16":1,"17":0,"18":1,"19":0,"20":1,"21":1,"22":0,"23":1,"24":1,"25":1,"26":1,"27":1,"28":1,"29":1,"30":0,"31":1,"32":0,"33":1,"34":1},"f":{"0":1,"1":1,"2":1,"3":2,"4":1,"5":1,"6":1,"7":1,"8":1,"9":0,"10":1,"11":0,"12":0},"b":{"0":[2,2],"1":[2,0],"2":[1,0],"3":[0,1],"4":[0,2],"5":[2,2],"6":[0,1],"7":[0,1],"8":[0,1],"9":[1,0,0],"10":[0,1],"11":[1,0],"12":[1,1],"13":[1,0],"14":[1,0],"15":[1,0]},"_coverageSchema":"332fd63041d2c1bcb487cc26dd0d5f7d97098a6c","hash":"5e9b3bddf0d87f0779b19eaded9fbf18da3ea344"}
,"/Users/arthurmoore/GitHub/hrla22-airbnb-reviews/client/components/ReviewSearch/search.css": {"path":"/Users/arthurmoore/GitHub/hrla22-airbnb-reviews/client/components/ReviewSearch/search.css","statementMap":{},"fnMap":{},"branchMap":{},"s":{},"f":{},"b":{},"_coverageSchema":"332fd63041d2c1bcb487cc26dd0d5f7d97098a6c","hash":"90a33124b03a205a6576d7977bc3ea46ad0c1832"}
,"/Users/arthurmoore/GitHub/hrla22-airbnb-reviews/client/components/ReviewsApp/ReviewsApp.jsx": {"path":"/Users/arthurmoore/GitHub/hrla22-airbnb-reviews/client/components/ReviewsApp/ReviewsApp.jsx","statementMap":{"0":{"start":{"line":1,"column":39},"end":{"line":1,"column":101}},"1":{"start":{"line":1,"column":120},"end":{"line":1,"column":649}},"2":{"start":{"line":1,"column":175},"end":{"line":1,"column":440}},"3":{"start":{"line":1,"column":232},"end":{"line":1,"column":240}},"4":{"start":{"line":1,"column":241},"end":{"line":1,"column":296}},"5":{"start":{"line":1,"column":296},"end":{"line":1,"column":327}},"6":{"start":{"line":1,"column":327},"end":{"line":1,"column":381}},"7":{"start":{"line":1,"column":354},"end":{"line":1,"column":381}},"8":{"start":{"line":1,"column":381},"end":{"line":1,"column":439}},"9":{"start":{"line":1,"column":441},"end":{"line":1,"column":646}},"10":{"start":{"line":1,"column":497},"end":{"line":1,"column":565}},"11":{"start":{"line":1,"column":513},"end":{"line":1,"column":565}},"12":{"start":{"line":1,"column":565},"end":{"line":1,"column":625}},"13":{"start":{"line":1,"column":582},"end":{"line":1,"column":625}},"14":{"start":{"line":1,"column":625},"end":{"line":1,"column":644}},"15":{"start":{"line":7,"column":176},"end":{"line":7,"column":230}},"16":{"start":{"line":7,"column":280},"end":{"line":7,"column":379}},"17":{"start":{"line":7,"column":321},"end":{"line":7,"column":378}},"18":{"start":{"line":7,"column":429},"end":{"line":7,"column":528}},"19":{"start":{"line":7,"column":441},"end":{"line":7,"column":527}},"20":{"start":{"line":7,"column":528},"end":{"line":7,"column":614}},"21":{"start":{"line":7,"column":657},"end":{"line":7,"column":820}},"22":{"start":{"line":7,"column":719},"end":{"line":7,"column":819}},"23":{"start":{"line":7,"column":820},"end":{"line":7,"column":984}},"24":{"start":{"line":7,"column":984},"end":{"line":7,"column":1102}},"25":{"start":{"line":7,"column":1000},"end":{"line":7,"column":1102}},"26":{"start":{"line":9,"column":13},"end":{"line":127,"column":101}},"27":{"start":{"line":9,"column":36},"end":{"line":9,"column":70}},"28":{"start":{"line":10,"column":128},"end":{"line":11,"column":11}},"29":{"start":{"line":33,"column":44},"end":{"line":127,"column":10}},"30":{"start":{"line":64,"column":6},"end":{"line":64,"column":29}},"31":{"start":{"line":66,"column":26},"end":{"line":68,"column":8}},"32":{"start":{"line":67,"column":8},"end":{"line":67,"column":56}},"33":{"start":{"line":72,"column":6},"end":{"line":73,"column":42}},"34":{"start":{"line":78,"column":6},"end":{"line":79,"column":31}},"35":{"start":{"line":84,"column":6},"end":{"line":84,"column":62}},"36":{"start":{"line":97,"column":6},"end":{"line":121,"column":232}},"37":{"start":{"line":127,"column":10},"end":{"line":127,"column":28}}},"fnMap":{"0":{"name":"(anonymous_0)","decl":{"start":{"line":1,"column":120},"end":{"line":1,"column":121}},"loc":{"start":{"line":1,"column":132},"end":{"line":1,"column":647}},"line":1},"1":{"name":"defineProperties","decl":{"start":{"line":1,"column":142},"end":{"line":1,"column":158}},"loc":{"start":{"line":1,"column":174},"end":{"line":1,"column":441}},"line":1},"2":{"name":"(anonymous_2)","decl":{"start":{"line":1,"column":448},"end":{"line":1,"column":449}},"loc":{"start":{"line":1,"column":496},"end":{"line":1,"column":645}},"line":1},"3":{"name":"_interopRequireDefault","decl":{"start":{"line":7,"column":147},"end":{"line":7,"column":169}},"loc":{"start":{"line":7,"column":175},"end":{"line":7,"column":231}},"line":7},"4":{"name":"_classCallCheck","decl":{"start":{"line":7,"column":240},"end":{"line":7,"column":255}},"loc":{"start":{"line":7,"column":279},"end":{"line":7,"column":380}},"line":7},"5":{"name":"_possibleConstructorReturn","decl":{"start":{"line":7,"column":389},"end":{"line":7,"column":415}},"loc":{"start":{"line":7,"column":428},"end":{"line":7,"column":615}},"line":7},"6":{"name":"_inherits","decl":{"start":{"line":7,"column":624},"end":{"line":7,"column":633}},"loc":{"start":{"line":7,"column":656},"end":{"line":7,"column":1103}},"line":7},"7":{"name":"(anonymous_7)","decl":{"start":{"line":9,"column":13},"end":{"line":9,"column":14}},"loc":{"start":{"line":9,"column":35},"end":{"line":127,"column":29}},"line":9},"8":{"name":"ReviewsApp","decl":{"start":{"line":10,"column":37},"end":{"line":10,"column":47}},"loc":{"start":{"line":10,"column":55},"end":{"line":33,"column":44}},"line":10},"9":{"name":"fetchReviews","decl":{"start":{"line":33,"column":109},"end":{"line":33,"column":121}},"loc":{"start":{"line":35,"column":15},"end":{"line":61,"column":5}},"line":35},"10":{"name":"searchReviews","decl":{"start":{"line":61,"column":49},"end":{"line":61,"column":62}},"loc":{"start":{"line":63,"column":11},"end":{"line":75,"column":5}},"line":63},"11":{"name":"(anonymous_11)","decl":{"start":{"line":66,"column":52},"end":{"line":66,"column":53}},"loc":{"start":{"line":66,"column":70},"end":{"line":68,"column":7}},"line":66},"12":{"name":"clearSearch","decl":{"start":{"line":75,"column":47},"end":{"line":75,"column":58}},"loc":{"start":{"line":77,"column":4},"end":{"line":81,"column":5}},"line":77},"13":{"name":"componentDidMount","decl":{"start":{"line":81,"column":53},"end":{"line":81,"column":70}},"loc":{"start":{"line":83,"column":11},"end":{"line":86,"column":5}},"line":83},"14":{"name":"render","decl":{"start":{"line":95,"column":20},"end":{"line":95,"column":26}},"loc":{"start":{"line":96,"column":4},"end":{"line":127,"column":5}},"line":96}},"branchMap":{"0":{"loc":{"start":{"line":1,"column":265},"end":{"line":1,"column":295}},"type":"binary-expr","locations":[{"start":{"line":1,"column":265},"end":{"line":1,"column":286}},{"start":{"line":1,"column":290},"end":{"line":1,"column":295}}],"line":1},"1":{"loc":{"start":{"line":1,"column":327},"end":{"line":1,"column":381}},"type":"if","locations":[{"start":{"line":1,"column":327},"end":{"line":1,"column":381}},{"start":{"line":1,"column":327},"end":{"line":1,"column":381}}],"line":1},"2":{"loc":{"start":{"line":1,"column":497},"end":{"line":1,"column":565}},"type":"if","locations":[{"start":{"line":1,"column":497},"end":{"line":1,"column":565}},{"start":{"line":1,"column":497},"end":{"line":1,"column":565}}],"line":1},"3":{"loc":{"start":{"line":1,"column":565},"end":{"line":1,"column":625}},"type":"if","locations":[{"start":{"line":1,"column":565},"end":{"line":1,"column":625}},{"start":{"line":1,"column":565},"end":{"line":1,"column":625}}],"line":1},"4":{"loc":{"start":{"line":7,"column":183},"end":{"line":7,"column":229}},"type":"cond-expr","locations":[{"start":{"line":7,"column":207},"end":{"line":7,"column":210}},{"start":{"line":7,"column":213},"end":{"line":7,"column":229}}],"line":7},"5":{"loc":{"start":{"line":7,"column":183},"end":{"line":7,"column":204}},"type":"binary-expr","locations":[{"start":{"line":7,"column":183},"end":{"line":7,"column":186}},{"start":{"line":7,"column":190},"end":{"line":7,"column":204}}],"line":7},"6":{"loc":{"start":{"line":7,"column":280},"end":{"line":7,"column":379}},"type":"if","locations":[{"start":{"line":7,"column":280},"end":{"line":7,"column":379}},{"start":{"line":7,"column":280},"end":{"line":7,"column":379}}],"line":7},"7":{"loc":{"start":{"line":7,"column":429},"end":{"line":7,"column":528}},"type":"if","locations":[{"start":{"line":7,"column":429},"end":{"line":7,"column":528}},{"start":{"line":7,"column":429},"end":{"line":7,"column":528}}],"line":7},"8":{"loc":{"start":{"line":7,"column":535},"end":{"line":7,"column":613}},"type":"cond-expr","locations":[{"start":{"line":7,"column":602},"end":{"line":7,"column":606}},{"start":{"line":7,"column":609},"end":{"line":7,"column":613}}],"line":7},"9":{"loc":{"start":{"line":7,"column":535},"end":{"line":7,"column":599}},"type":"binary-expr","locations":[{"start":{"line":7,"column":535},"end":{"line":7,"column":539}},{"start":{"line":7,"column":544},"end":{"line":7,"column":568}},{"start":{"line":7,"column":572},"end":{"line":7,"column":598}}],"line":7},"10":{"loc":{"start":{"line":7,"column":657},"end":{"line":7,"column":820}},"type":"if","locations":[{"start":{"line":7,"column":657},"end":{"line":7,"column":820}},{"start":{"line":7,"column":657},"end":{"line":7,"column":820}}],"line":7},"11":{"loc":{"start":{"line":7,"column":661},"end":{"line":7,"column":716}},"type":"binary-expr","locations":[{"start":{"line":7,"column":661},"end":{"line":7,"column":693}},{"start":{"line":7,"column":697},"end":{"line":7,"column":716}}],"line":7},"12":{"loc":{"start":{"line":7,"column":855},"end":{"line":7,"column":889}},"type":"binary-expr","locations":[{"start":{"line":7,"column":855},"end":{"line":7,"column":865}},{"start":{"line":7,"column":869},"end":{"line":7,"column":889}}],"line":7},"13":{"loc":{"start":{"line":7,"column":984},"end":{"line":7,"column":1102}},"type":"if","locations":[{"start":{"line":7,"column":984},"end":{"line":7,"column":1102}},{"start":{"line":7,"column":984},"end":{"line":7,"column":1102}}],"line":7},"14":{"loc":{"start":{"line":7,"column":1000},"end":{"line":7,"column":1101}},"type":"cond-expr","locations":[{"start":{"line":7,"column":1024},"end":{"line":7,"column":1067}},{"start":{"line":7,"column":1070},"end":{"line":7,"column":1101}}],"line":7},"15":{"loc":{"start":{"line":10,"column":162},"end":{"line":10,"column":219}},"type":"binary-expr","locations":[{"start":{"line":10,"column":162},"end":{"line":10,"column":182}},{"start":{"line":10,"column":186},"end":{"line":10,"column":219}}],"line":10},"16":{"loc":{"start":{"line":84,"column":6},"end":{"line":84,"column":61}},"type":"binary-expr","locations":[{"start":{"line":84,"column":6},"end":{"line":84,"column":37}},{"start":{"line":84,"column":41},"end":{"line":84,"column":61}}],"line":84}},"s":{"0":1,"1":1,"2":1,"3":5,"4":5,"5":5,"6":5,"7":5,"8":5,"9":1,"10":1,"11":1,"12":1,"13":0,"14":1,"15":7,"16":1,"17":0,"18":1,"19":0,"20":1,"21":1,"22":0,"23":1,"24":1,"25":1,"26":1,"27":1,"28":1,"29":1,"30":0,"31":0,"32":0,"33":0,"34":0,"35":1,"36":1,"37":1},"f":{"0":1,"1":1,"2":1,"3":7,"4":1,"5":1,"6":1,"7":1,"8":1,"9":1,"10":0,"11":0,"12":0,"13":1,"14":1},"b":{"0":[5,5],"1":[5,0],"2":[1,0],"3":[0,1],"4":[4,3],"5":[7,7],"6":[0,1],"7":[0,1],"8":[0,1],"9":[1,0,0],"10":[0,1],"11":[1,0],"12":[1,1],"13":[1,0],"14":[1,0],"15":[1,0],"16":[1,1]},"_coverageSchema":"332fd63041d2c1bcb487cc26dd0d5f7d97098a6c","hash":"776e30860589bf0bc4230949a7a8e713a720ed07"}
,"/Users/arthurmoore/GitHub/hrla22-airbnb-reviews/client/components/ReviewsApp/styles.css": {"path":"/Users/arthurmoore/GitHub/hrla22-airbnb-reviews/client/components/ReviewsApp/styles.css","statementMap":{},"fnMap":{},"branchMap":{},"s":{},"f":{},"b":{},"_coverageSchema":"332fd63041d2c1bcb487cc26dd0d5f7d97098a6c","hash":"eda18003202465c68125927bbf82276803116078"}
,"/Users/arthurmoore/GitHub/hrla22-airbnb-reviews/client/components/ReviewsList/ReviewsList.jsx": {"path":"/Users/arthurmoore/GitHub/hrla22-airbnb-reviews/client/components/ReviewsList/ReviewsList.jsx","statementMap":{"0":{"start":{"line":1,"column":39},"end":{"line":1,"column":101}},"1":{"start":{"line":3,"column":176},"end":{"line":3,"column":230}},"2":{"start":{"line":5,"column":18},"end":{"line":25,"column":1}},"3":{"start":{"line":14,"column":2},"end":{"line":21,"column":11}},"4":{"start":{"line":20,"column":8},"end":{"line":20,"column":203}}},"fnMap":{"0":{"name":"_interopRequireDefault","decl":{"start":{"line":3,"column":147},"end":{"line":3,"column":169}},"loc":{"start":{"line":3,"column":175},"end":{"line":3,"column":231}},"line":3},"1":{"name":"ReviewsList","decl":{"start":{"line":5,"column":27},"end":{"line":5,"column":38}},"loc":{"start":{"line":5,"column":46},"end":{"line":25,"column":1}},"line":5},"2":{"name":"(anonymous_2)","decl":{"start":{"line":17,"column":24},"end":{"line":17,"column":25}},"loc":{"start":{"line":17,"column":49},"end":{"line":21,"column":7}},"line":17}},"branchMap":{"0":{"loc":{"start":{"line":3,"column":183},"end":{"line":3,"column":229}},"type":"cond-expr","locations":[{"start":{"line":3,"column":207},"end":{"line":3,"column":210}},{"start":{"line":3,"column":213},"end":{"line":3,"column":229}}],"line":3},"1":{"loc":{"start":{"line":3,"column":183},"end":{"line":3,"column":204}},"type":"binary-expr","locations":[{"start":{"line":3,"column":183},"end":{"line":3,"column":186}},{"start":{"line":3,"column":190},"end":{"line":3,"column":204}}],"line":3}},"s":{"0":1,"1":3,"2":1,"3":1,"4":0},"f":{"0":3,"1":1,"2":0},"b":{"0":[1,2],"1":[3,3]},"_coverageSchema":"332fd63041d2c1bcb487cc26dd0d5f7d97098a6c","hash":"5ddb387b33bcafe0ac1dc37e22240eb0c60e601a"}
,"/Users/arthurmoore/GitHub/hrla22-airbnb-reviews/client/components/ReviewsList/styles.css": {"path":"/Users/arthurmoore/GitHub/hrla22-airbnb-reviews/client/components/ReviewsList/styles.css","statementMap":{},"fnMap":{},"branchMap":{},"s":{},"f":{},"b":{},"_coverageSchema":"332fd63041d2c1bcb487cc26dd0d5f7d97098a6c","hash":"6507a08d3c3cccbbfe858acd65b27184b2a4051a"}
}
