TN:
SF:/Users/arthurmoore/GitHub/hrla22-airbnb-reviews/client/components/Rating/Rating.jsx
FN:2,_interopRequireDefault
FN:4,Rating
FN:13,(anonymous_2)
FNF:3
FNH:3
FNDA:2,_interopRequireDefault
FNDA:7,Rating
FNDA:35,(anonymous_2)
DA:1,1
DA:2,2
DA:4,1
DA:6,7
DA:7,7
DA:15,35
LF:6
LH:6
BRDA:2,0,0,0
BRDA:2,0,1,2
BRDA:2,1,0,2
BRDA:2,1,1,2
BRDA:10,2,0,7
BRDA:10,2,1,0
BRF:6
BRH:4
end_of_record
TN:
SF:/Users/arthurmoore/GitHub/hrla22-airbnb-reviews/client/components/Rating/styles.css
FNF:0
FNH:0
LF:0
LH:0
BRF:0
BRH:0
end_of_record
TN:
SF:/Users/arthurmoore/GitHub/hrla22-airbnb-reviews/client/components/RatingsList/RatingsList.jsx
FN:3,_interopRequireDefault
FN:5,RatingsList
FNF:2
FNH:2
FNDA:3,_interopRequireDefault
FNDA:1,RatingsList
DA:1,1
DA:3,3
DA:5,1
DA:6,1
LF:4
LH:4
BRDA:3,0,0,1
BRDA:3,0,1,2
BRDA:3,1,0,3
BRDA:3,1,1,3
BRF:4
BRH:4
end_of_record
TN:
SF:/Users/arthurmoore/GitHub/hrla22-airbnb-reviews/client/components/RatingsList/styles.css
FNF:0
FNH:0
LF:0
LH:0
BRF:0
BRH:0
end_of_record
TN:
SF:/Users/arthurmoore/GitHub/hrla22-airbnb-reviews/client/components/Review/Review.jsx
FN:2,_interopRequireDefault
FN:4,Review
FNF:2
FNH:1
FNDA:2,_interopRequireDefault
FNDA:0,Review
DA:1,1
DA:2,2
DA:4,1
DA:8,0
LF:4
LH:3
BRDA:2,0,0,0
BRDA:2,0,1,2
BRDA:2,1,0,2
BRDA:2,1,1,2
BRF:4
BRH:3
end_of_record
TN:
SF:/Users/arthurmoore/GitHub/hrla22-airbnb-reviews/client/components/Review/styles.css
FNF:0
FNH:0
LF:0
LH:0
BRF:0
BRH:0
end_of_record
TN:
SF:/Users/arthurmoore/GitHub/hrla22-airbnb-reviews/client/components/ReviewSearch/ReviewSearch.jsx
FN:1,(anonymous_0)
FN:1,defineProperties
FN:1,(anonymous_2)
FN:2,_interopRequireDefault
FN:2,_classCallCheck
FN:2,_possibleConstructorReturn
FN:2,_inherits
FN:4,(anonymous_7)
FN:5,ReviewSearch
FN:10,updateInput
FN:17,render
FN:22,onSubmit
FN:24,onChange
FNF:13
FNH:10
FNDA:1,(anonymous_0)
FNDA:1,defineProperties
FNDA:1,(anonymous_2)
FNDA:2,_interopRequireDefault
FNDA:1,_classCallCheck
FNDA:1,_possibleConstructorReturn
FNDA:1,_inherits
FNDA:1,(anonymous_7)
FNDA:1,ReviewSearch
FNDA:0,updateInput
FNDA:1,render
FNDA:0,onSubmit
FNDA:0,onChange
DA:1,2
DA:2,2
DA:4,1
DA:5,1
DA:10,1
DA:14,0
DA:20,1
DA:22,0
DA:28,1
LF:9
LH:7
BRDA:1,0,0,2
BRDA:1,0,1,2
BRDA:1,1,0,2
BRDA:1,1,1,0
BRDA:1,2,0,1
BRDA:1,2,1,0
BRDA:1,3,0,0
BRDA:1,3,1,1
BRDA:2,4,0,0
BRDA:2,4,1,2
BRDA:2,5,0,2
BRDA:2,5,1,2
BRDA:2,6,0,0
BRDA:2,6,1,1
BRDA:2,7,0,0
BRDA:2,7,1,1
BRDA:2,8,0,0
BRDA:2,8,1,1
BRDA:2,9,0,1
BRDA:2,9,1,0
BRDA:2,9,2,0
BRDA:2,10,0,0
BRDA:2,10,1,1
BRDA:2,11,0,1
BRDA:2,11,1,0
BRDA:2,12,0,1
BRDA:2,12,1,1
BRDA:2,13,0,1
BRDA:2,13,1,0
BRDA:2,14,0,1
BRDA:2,14,1,0
BRDA:5,15,0,1
BRDA:5,15,1,0
BRF:33
BRH:19
end_of_record
TN:
SF:/Users/arthurmoore/GitHub/hrla22-airbnb-reviews/client/components/ReviewSearch/search.css
FNF:0
FNH:0
LF:0
LH:0
BRF:0
BRH:0
end_of_record
TN:
SF:/Users/arthurmoore/GitHub/hrla22-airbnb-reviews/client/components/ReviewsApp/ReviewsApp.jsx
FN:1,(anonymous_0)
FN:1,defineProperties
FN:1,(anonymous_2)
FN:7,_interopRequireDefault
FN:7,_classCallCheck
FN:7,_possibleConstructorReturn
FN:7,_inherits
FN:9,(anonymous_7)
FN:10,ReviewsApp
FN:33,fetchReviews
FN:61,searchReviews
FN:66,(anonymous_11)
FN:75,clearSearch
FN:81,componentDidMount
FN:95,render
FNF:15
FNH:12
FNDA:1,(anonymous_0)
FNDA:1,defineProperties
FNDA:1,(anonymous_2)
FNDA:7,_interopRequireDefault
FNDA:1,_classCallCheck
FNDA:1,_possibleConstructorReturn
FNDA:1,_inherits
FNDA:1,(anonymous_7)
FNDA:1,ReviewsApp
FNDA:1,fetchReviews
FNDA:0,searchReviews
FNDA:0,(anonymous_11)
FNDA:0,clearSearch
FNDA:1,componentDidMount
FNDA:1,render
DA:1,5
DA:7,7
DA:9,1
DA:10,1
DA:33,1
DA:64,0
DA:66,0
DA:67,0
DA:72,0
DA:78,0
DA:84,1
DA:97,1
DA:127,1
LF:13
LH:8
BRDA:1,0,0,5
BRDA:1,0,1,5
BRDA:1,1,0,5
BRDA:1,1,1,0
BRDA:1,2,0,1
BRDA:1,2,1,0
BRDA:1,3,0,0
BRDA:1,3,1,1
BRDA:7,4,0,4
BRDA:7,4,1,3
BRDA:7,5,0,7
BRDA:7,5,1,7
BRDA:7,6,0,0
BRDA:7,6,1,1
BRDA:7,7,0,0
BRDA:7,7,1,1
BRDA:7,8,0,0
BRDA:7,8,1,1
BRDA:7,9,0,1
BRDA:7,9,1,0
BRDA:7,9,2,0
BRDA:7,10,0,0
BRDA:7,10,1,1
BRDA:7,11,0,1
BRDA:7,11,1,0
BRDA:7,12,0,1
BRDA:7,12,1,1
BRDA:7,13,0,1
BRDA:7,13,1,0
BRDA:7,14,0,1
BRDA:7,14,1,0
BRDA:10,15,0,1
BRDA:10,15,1,0
BRDA:84,16,0,1
BRDA:84,16,1,1
BRF:35
BRH:22
end_of_record
TN:
SF:/Users/arthurmoore/GitHub/hrla22-airbnb-reviews/client/components/ReviewsApp/styles.css
FNF:0
FNH:0
LF:0
LH:0
BRF:0
BRH:0
end_of_record
TN:
SF:/Users/arthurmoore/GitHub/hrla22-airbnb-reviews/client/components/ReviewsList/ReviewsList.jsx
FN:3,_interopRequireDefault
FN:5,ReviewsList
FN:17,(anonymous_2)
FNF:3
FNH:2
FNDA:3,_interopRequireDefault
FNDA:1,ReviewsList
FNDA:0,(anonymous_2)
DA:1,1
DA:3,3
DA:5,1
DA:14,1
DA:20,0
LF:5
LH:4
BRDA:3,0,0,1
BRDA:3,0,1,2
BRDA:3,1,0,3
BRDA:3,1,1,3
BRF:4
BRH:4
end_of_record
TN:
SF:/Users/arthurmoore/GitHub/hrla22-airbnb-reviews/client/components/ReviewsList/styles.css
FNF:0
FNH:0
LF:0
LH:0
BRF:0
BRH:0
end_of_record
